0 info it worked if it ends with ok
1 verbose cli [ '/usr/local/bin/node', '/usr/local/bin/npm', 'start' ]
2 info using npm@3.3.12
3 info using node@v5.3.0
4 verbose run-script [ 'prestart', 'start', 'poststart' ]
5 info lifecycle scenario-test@1.0.0~prestart: scenario-test@1.0.0
6 silly lifecycle scenario-test@1.0.0~prestart: no script for prestart, continuing
7 info lifecycle scenario-test@1.0.0~start: scenario-test@1.0.0
8 verbose lifecycle scenario-test@1.0.0~start: unsafe-perm in lifecycle true
9 verbose lifecycle scenario-test@1.0.0~start: PATH: /usr/local/lib/node_modules/npm/bin/node-gyp-bin:/Users/suhail/Sites/scenario-test/node_modules/.bin:/Library/Frameworks/Python.framework/Versions/2.7/bin:/Library/Frameworks/Python.framework/Versions/2.7/bin:/usr/local/bin:/usr/local/sbin:/Library/Frameworks/Python.framework/Versions/3.5/bin:/Users/suhail/google-cloud-sdk/bin:/usr/local/bin:/usr/bin:/bin:/usr/sbin:/sbin:/opt/X11/bin:/usr/local/go/bin:/usr/texbin:/usr/local/go/bin:/usr/local/go/bin
10 verbose lifecycle scenario-test@1.0.0~start: CWD: /Users/suhail/Sites/scenario-test
11 silly lifecycle scenario-test@1.0.0~start: Args: [ '-c', 'cd ./dist && python -m SimpleHTTPServer 8000' ]
12 silly lifecycle scenario-test@1.0.0~start: Returned: code: 1  signal: null
13 info lifecycle scenario-test@1.0.0~start: Failed to exec start script
14 verbose stack Error: scenario-test@1.0.0 start: `cd ./dist && python -m SimpleHTTPServer 8000`
14 verbose stack Exit status 1
14 verbose stack     at EventEmitter.<anonymous> (/usr/local/lib/node_modules/npm/lib/utils/lifecycle.js:232:16)
14 verbose stack     at emitTwo (events.js:87:13)
14 verbose stack     at EventEmitter.emit (events.js:172:7)
14 verbose stack     at ChildProcess.<anonymous> (/usr/local/lib/node_modules/npm/lib/utils/spawn.js:24:14)
14 verbose stack     at emitTwo (events.js:87:13)
14 verbose stack     at ChildProcess.emit (events.js:172:7)
14 verbose stack     at maybeClose (internal/child_process.js:818:16)
14 verbose stack     at Process.ChildProcess._handle.onexit (internal/child_process.js:211:5)
15 verbose pkgid scenario-test@1.0.0
16 verbose cwd /Users/suhail/Sites/scenario-test
17 error Darwin 15.5.0
18 error argv "/usr/local/bin/node" "/usr/local/bin/npm" "start"
19 error node v5.3.0
20 error npm  v3.3.12
21 error code ELIFECYCLE
22 error scenario-test@1.0.0 start: `cd ./dist && python -m SimpleHTTPServer 8000`
22 error Exit status 1
23 error Failed at the scenario-test@1.0.0 start script 'cd ./dist && python -m SimpleHTTPServer 8000'.
23 error Make sure you have the latest version of node.js and npm installed.
23 error If you do, this is most likely a problem with the scenario-test package,
23 error not with npm itself.
23 error Tell the author that this fails on your system:
23 error     cd ./dist && python -m SimpleHTTPServer 8000
23 error You can get their info via:
23 error     npm owner ls scenario-test
23 error There is likely additional logging output above.
24 verbose exit [ 1, true ]
